[www.onepeloton.com/index.html]
[www.onepeloton.com/manifest.json]
[www.onepeloton.com/favicon.png]
[backblue.gif]
[fade.gif]
[index.html]
[www.onepeloton.com/images/apple-touch-icon.png]
[www.onepeloton.com/images/apple-touch-icon-57.png]
[www.onepeloton.com/images/apple-touch-icon-76.png]
[www.onepeloton.com/images/apple-touch-icon-120.png]
[www.onepeloton.com/images/apple-touch-icon-128.png]
[www.onepeloton.com/images/apple-touch-icon-152.png]
[www.onepeloton.com/images/apple-touch-icon-180.png]
[www.onepeloton.com/images/apple-touch-icon-192.png]
[www.onepeloton.com/scripts/newrelic.js]
[cdn.polyfill.io/v2/polyfill.min8a7a.js]
[www.onepeloton.com/locale.js]
[www.onepeloton.com/index.html]
[www.onepeloton.com/static/js/vendors_main.18772bac.js]
[www.onepeloton.com/static/js/main.c885adc1.js]
